{"H:\\GIT\\todo-assignment 2\\todo-assignment\\src\\store.js": {"path":"H:\\GIT\\todo-assignment 2\\todo-assignment\\src\\store.js","statementMap":{"0":{"start":{"line":5,"column":0},"end":{"line":5,"column":14}},"1":{"start":{"line":6,"column":18},"end":{"line":11,"column":1}},"2":{"start":{"line":12,"column":16},"end":{"line":16,"column":1}},"3":{"start":{"line":14,"column":8},"end":{"line":14,"column":32}},"4":{"start":{"line":17,"column":18},"end":{"line":67,"column":1}},"5":{"start":{"line":19,"column":24},"end":{"line":23,"column":9}},"6":{"start":{"line":24,"column":8},"end":{"line":31,"column":15}},"7":{"start":{"line":26,"column":16},"end":{"line":26,"column":42}},"8":{"start":{"line":27,"column":16},"end":{"line":27,"column":60}},"9":{"start":{"line":28,"column":16},"end":{"line":28,"column":40}},"10":{"start":{"line":29,"column":16},"end":{"line":29,"column":64}},"11":{"start":{"line":30,"column":16},"end":{"line":30,"column":27}},"12":{"start":{"line":35,"column":8},"end":{"line":35,"column":27}},"13":{"start":{"line":36,"column":33},"end":{"line":36,"column":35}},"14":{"start":{"line":37,"column":8},"end":{"line":44,"column":15}},"15":{"start":{"line":39,"column":16},"end":{"line":41,"column":19}},"16":{"start":{"line":40,"column":20},"end":{"line":40,"column":76}},"17":{"start":{"line":40,"column":46},"end":{"line":40,"column":74}},"18":{"start":{"line":42,"column":16},"end":{"line":42,"column":52}},"19":{"start":{"line":43,"column":16},"end":{"line":43,"column":27}},"20":{"start":{"line":47,"column":8},"end":{"line":49,"column":11}},"21":{"start":{"line":48,"column":12},"end":{"line":48,"column":89}},"22":{"start":{"line":48,"column":47},"end":{"line":48,"column":87}},"23":{"start":{"line":50,"column":8},"end":{"line":53,"column":15}},"24":{"start":{"line":52,"column":16},"end":{"line":52,"column":27}},"25":{"start":{"line":56,"column":8},"end":{"line":65,"column":15}},"26":{"start":{"line":58,"column":16},"end":{"line":58,"column":49}},"27":{"start":{"line":59,"column":16},"end":{"line":59,"column":40}},"28":{"start":{"line":60,"column":16},"end":{"line":60,"column":88}},"29":{"start":{"line":61,"column":16},"end":{"line":61,"column":35}},"30":{"start":{"line":64,"column":16},"end":{"line":64,"column":48}},"31":{"start":{"line":68,"column":16},"end":{"line":81,"column":1}},"32":{"start":{"line":70,"column":8},"end":{"line":70,"column":26}},"33":{"start":{"line":73,"column":8},"end":{"line":73,"column":40}},"34":{"start":{"line":76,"column":8},"end":{"line":76,"column":49}},"35":{"start":{"line":79,"column":8},"end":{"line":79,"column":45}},"36":{"start":{"line":83,"column":21},"end":{"line":90,"column":2}}},"fnMap":{"0":{"name":"(anonymous_0)","decl":{"start":{"line":13,"column":19},"end":{"line":13,"column":20}},"loc":{"start":{"line":13,"column":30},"end":{"line":15,"column":5}},"line":13},"1":{"name":"(anonymous_1)","decl":{"start":{"line":25,"column":18},"end":{"line":25,"column":19}},"loc":{"start":{"line":25,"column":27},"end":{"line":31,"column":13}},"line":25},"2":{"name":"(anonymous_2)","decl":{"start":{"line":38,"column":18},"end":{"line":38,"column":19}},"loc":{"start":{"line":38,"column":27},"end":{"line":44,"column":13}},"line":38},"3":{"name":"(anonymous_3)","decl":{"start":{"line":39,"column":41},"end":{"line":39,"column":42}},"loc":{"start":{"line":39,"column":51},"end":{"line":41,"column":17}},"line":39},"4":{"name":"(anonymous_4)","decl":{"start":{"line":47,"column":33},"end":{"line":47,"column":34}},"loc":{"start":{"line":47,"column":43},"end":{"line":49,"column":9}},"line":47},"5":{"name":"(anonymous_5)","decl":{"start":{"line":51,"column":18},"end":{"line":51,"column":19}},"loc":{"start":{"line":51,"column":27},"end":{"line":53,"column":13}},"line":51},"6":{"name":"(anonymous_6)","decl":{"start":{"line":57,"column":18},"end":{"line":57,"column":19}},"loc":{"start":{"line":57,"column":32},"end":{"line":62,"column":13}},"line":57},"7":{"name":"(anonymous_7)","decl":{"start":{"line":63,"column":19},"end":{"line":63,"column":20}},"loc":{"start":{"line":63,"column":26},"end":{"line":65,"column":13}},"line":63},"8":{"name":"(anonymous_8)","decl":{"start":{"line":69,"column":13},"end":{"line":69,"column":14}},"loc":{"start":{"line":69,"column":29},"end":{"line":71,"column":5}},"line":69},"9":{"name":"(anonymous_9)","decl":{"start":{"line":72,"column":16},"end":{"line":72,"column":17}},"loc":{"start":{"line":72,"column":39},"end":{"line":74,"column":5}},"line":72},"10":{"name":"(anonymous_10)","decl":{"start":{"line":75,"column":18},"end":{"line":75,"column":19}},"loc":{"start":{"line":75,"column":48},"end":{"line":77,"column":5}},"line":75},"11":{"name":"(anonymous_11)","decl":{"start":{"line":78,"column":14},"end":{"line":78,"column":15}},"loc":{"start":{"line":78,"column":44},"end":{"line":80,"column":5}},"line":78}},"branchMap":{"0":{"loc":{"start":{"line":40,"column":20},"end":{"line":40,"column":76}},"type":"if","locations":[{"start":{"line":40,"column":20},"end":{"line":40,"column":76}},{"start":{"line":40,"column":20},"end":{"line":40,"column":76}}],"line":40},"1":{"loc":{"start":{"line":48,"column":12},"end":{"line":48,"column":89}},"type":"if","locations":[{"start":{"line":48,"column":12},"end":{"line":48,"column":89}},{"start":{"line":48,"column":12},"end":{"line":48,"column":89}}],"line":48}},"s":{"0":1,"1":1,"2":1,"3":1,"4":1,"5":0,"6":0,"7":0,"8":0,"9":0,"10":0,"11":0,"12":0,"13":0,"14":0,"15":0,"16":0,"17":0,"18":0,"19":0,"20":0,"21":0,"22":0,"23":0,"24":0,"25":3,"26":0,"27":0,"28":0,"29":0,"30":0,"31":1,"32":0,"33":0,"34":0,"35":3,"36":1},"f":{"0":1,"1":0,"2":0,"3":0,"4":0,"5":0,"6":0,"7":0,"8":0,"9":0,"10":0,"11":3},"b":{"0":[0,0],"1":[0,0]},"_coverageSchema":"332fd63041d2c1bcb487cc26dd0d5f7d97098a6c","hash":"455a6d7172d91ae7e271f0f15c70b98e9838c219"}
,"H:\\GIT\\todo-assignment 2\\todo-assignment\\src\\components\\TodoList.vue": {"path":"H:\\GIT\\todo-assignment 2\\todo-assignment\\src\\components\\TodoList.vue","statementMap":{"0":{"start":{"line":30,"column":0},"end":{"line":null,"column":-1}},"1":{"start":{"line":35,"column":0},"end":{"line":null,"column":-1}},"2":{"start":{"line":40,"column":0},"end":{"line":null,"column":-1}}},"fnMap":{"0":{"name":"data","decl":{"start":{"line":34,"column":0},"end":{"line":null,"column":-1}},"loc":{"start":{"line":34,"column":0},"end":{"line":36,"column":0}}},"1":{"name":"mounted","decl":{"start":{"line":39,"column":0},"end":{"line":null,"column":-1}},"loc":{"start":{"line":39,"column":0},"end":{"line":41,"column":0}}}},"branchMap":{},"s":{"0":1,"1":3,"2":3},"f":{"0":3,"1":3},"b":{}}
}
